<?xml version="1.0" encoding="UTF-8"?>
<!-- Generated by org.testng.reporters.JUnitReportReporter -->
<testsuite hostname="PC192203" name="com.cognizant.framework.core.RWDDriverScript" tests="1" failures="0" timestamp="28 Jul 2014 07:24:05 GMT" time="21.748" errors="0">
  <testcase name="main1" time="21.748" classname="com.cognizant.framework.core.RWDDriverScript"/>
</testsuite> <!-- com.cognizant.framework.core.RWDDriverScript -->
